<?xml version="1.0" encoding="utf-8"?><testsuites name="pytest tests"><testsuite name="pytest" errors="0" failures="0" skipped="1" tests="33" time="14.004" timestamp="2026-05-22T20:34:46.770758+00:00" hostname="agent-env-7d594061-f2a0-4ec2-81a3-a18e51b2ce03"><testcase classname="backend.tests.test_discounts.TestAdminDiscountCRUD" name="test_create_percent" time="0.626" /><testcase classname="backend.tests.test_discounts.TestAdminDiscountCRUD" name="test_create_fixed_with_min_subtotal" time="0.109" /><testcase classname="backend.tests.test_discounts.TestAdminDiscountCRUD" name="test_create_free_shipping" time="0.767" /><testcase classname="backend.tests.test_discounts.TestAdminDiscountCRUD" name="test_create_bogo" time="0.164" /><testcase classname="backend.tests.test_discounts.TestAdminDiscountCRUD" name="test_duplicate_code_returns_409" time="0.283" /><testcase classname="backend.tests.test_discounts.TestAdminDiscountCRUD" name="test_percent_out_of_range_400" time="0.100" /><testcase classname="backend.tests.test_discounts.TestAdminDiscountCRUD" name="test_bogo_missing_slug_400" time="0.157" /><testcase classname="backend.tests.test_discounts.TestAdminDiscountCRUD" name="test_patch_updates_fields" time="0.563" /><testcase classname="backend.tests.test_discounts.TestAdminDiscountCRUD" name="test_delete_then_404" time="0.420" /><testcase classname="backend.tests.test_discounts.TestAdminDiscountCRUD" name="test_list_includes_created" time="0.273" /><testcase classname="backend.tests.test_discounts.TestAdminDiscountCRUD" name="test_requires_admin" time="0.142" /><testcase classname="backend.tests.test_discounts.TestValidateDiscount" name="test_percent_happy" time="0.243" /><testcase classname="backend.tests.test_discounts.TestValidateDiscount" name="test_fixed_min_subtotal_blocks" time="0.237" /><testcase classname="backend.tests.test_discounts.TestValidateDiscount" name="test_invalid_code" time="0.124" /><testcase classname="backend.tests.test_discounts.TestValidateDiscount" name="test_inactive_code_rejected" time="0.292" /><testcase classname="backend.tests.test_discounts.TestValidateDiscount" name="test_expired_code" time="0.250" /><testcase classname="backend.tests.test_discounts.TestValidateDiscount" name="test_not_active_yet" time="0.221" /><testcase classname="backend.tests.test_discounts.TestValidateDiscount" name="test_allowed_product_not_in_cart" time="0.275" /><testcase classname="backend.tests.test_discounts.TestValidateDiscount" name="test_allowed_product_applies_only_to_eligible" time="0.248" /><testcase classname="backend.tests.test_discounts.TestValidateDiscount" name="test_free_shipping_returns_shipping_cents" time="0.258" /><testcase classname="backend.tests.test_discounts.TestValidateDiscount" name="test_max_total_uses_blocks_after_redemption" time="0.000"><skipped type="pytest.skip" message="max_total_uses redemption flow covered by TestRedemption below">/app/backend/tests/test_discounts.py:307: max_total_uses redemption flow covered by TestRedemption below</skipped></testcase><testcase classname="backend.tests.test_discounts.TestBOGO" name="test_bogo_qty1_rejects" time="0.246" /><testcase classname="backend.tests.test_discounts.TestBOGO" name="test_bogo_qty2_gives_one_free" time="0.233" /><testcase classname="backend.tests.test_discounts.TestBOGO" name="test_bogo_qty4_gives_two_free" time="0.247" /><testcase classname="backend.tests.test_discounts.TestQuoteCartWithDiscount" name="test_quote_cart_applies_percent" time="0.394" /><testcase classname="backend.tests.test_discounts.TestQuoteCartWithDiscount" name="test_quote_cart_free_shipping_zeros_shipping" time="0.269" /><testcase classname="backend.tests.test_discounts.TestQuoteCartWithDiscount" name="test_quote_cart_min_subtotal_surfaces_error_not_400" time="0.239" /><testcase classname="backend.tests.test_discounts.TestSquareCheckoutDiscount" name="test_discount_persists_on_order_doc" time="1.028" /><testcase classname="backend.tests.test_discounts.TestSquareCheckoutDiscount" name="test_free_shipping_zeros_shipping_on_order" time="0.545" /><testcase classname="backend.tests.test_discounts.TestRedemption" name="test_redemption_idempotent_via_engine" time="0.276" /><testcase classname="backend.tests.test_discounts.TestRedemption" name="test_record_redemption_directly_via_motor" time="0.531" /><testcase classname="backend.tests.test_discounts.TestRedemption" name="test_max_total_uses_blocks_after_increment" time="0.279" /><testcase classname="backend.tests.test_discounts.TestRedemption" name="test_max_per_customer" time="3.852" /></testsuite></testsuites>