<?xml version="1.0" encoding="utf-8"?><testsuites name="pytest tests"><testsuite name="pytest" errors="0" failures="0" skipped="0" tests="14" time="17.315" timestamp="2026-05-22T22:22:56.933172+00:00" hostname="agent-env-7d594061-f2a0-4ec2-81a3-a18e51b2ce03"><testcase classname="backend.tests.test_penpals.TestPenPalsPublic" name="test_settings_no_model_leak" time="0.344" /><testcase classname="backend.tests.test_penpals.TestPenPalsPublic" name="test_letter_happy_path" time="0.131" /><testcase classname="backend.tests.test_penpals.TestPenPalsPublic" name="test_empty_letter_rejected" time="0.109" /><testcase classname="backend.tests.test_penpals.TestPenPalsPublic" name="test_unknown_character_404" time="0.113" /><testcase classname="backend.tests.test_penpals.TestPenPalsPublic" name="test_banned_word_blocked" time="0.109" /><testcase classname="backend.tests.test_penpals.TestPenPalsPublic" name="test_pii_stripped" time="0.218" /><testcase classname="backend.tests.test_penpals.TestPenPalsPublic" name="test_cache_dedup_across_visitors" time="2.781" /><testcase classname="backend.tests.test_penpals.TestPenPalsPublic" name="test_history_excludes_deleted_desc" time="2.720" /><testcase classname="backend.tests.test_penpals.TestPenPalsRateLimit" name="test_429_after_cap" time="7.491" /><testcase classname="backend.tests.test_penpals.TestPenPalsAdmin" name="test_admin_letters_list" time="0.388" /><testcase classname="backend.tests.test_penpals.TestPenPalsAdmin" name="test_admin_letters_filters" time="0.188" /><testcase classname="backend.tests.test_penpals.TestPenPalsAdmin" name="test_admin_settings_roundtrip_and_disable" time="1.416" /><testcase classname="backend.tests.test_penpals.TestPenPalsAdmin" name="test_admin_soft_delete_letter" time="1.125" /><testcase classname="backend.tests.test_penpals.TestAdminDiscountsForPicker" name="test_active_discounts_endpoint" time="0.050" /></testsuite></testsuites>