<?xml version="1.0" encoding="utf-8"?><testsuites name="pytest tests"><testsuite name="pytest" errors="0" failures="0" skipped="0" tests="16" time="59.307" timestamp="2026-05-24T19:32:40.943918+00:00" hostname="agent-env-7d594061-f2a0-4ec2-81a3-a18e51b2ce03"><testcase classname="backend.tests.test_quest_generator_and_thumbnails.TestAuthGate" name="test_backfill_requires_auth" time="0.680" /><testcase classname="backend.tests.test_quest_generator_and_thumbnails.TestAuthGate" name="test_generate_full_requires_auth" time="0.142" /><testcase classname="backend.tests.test_quest_generator_and_thumbnails.TestAuthGate" name="test_generate_jobs_requires_auth" time="0.099" /><testcase classname="backend.tests.test_quest_generator_and_thumbnails.TestThumbnailsBackfill" name="test_backfill_first_call" time="0.448" /><testcase classname="backend.tests.test_quest_generator_and_thumbnails.TestThumbnailsBackfill" name="test_backfill_idempotent" time="0.129" /><testcase classname="backend.tests.test_quest_generator_and_thumbnails.TestThumbnailsBackfill" name="test_thumbnails_list_returns_unified_rows" time="0.109" /><testcase classname="backend.tests.test_quest_generator_and_thumbnails.TestThumbnailsBackfill" name="test_backfill_covered_sources" time="0.108" /><testcase classname="backend.tests.test_quest_generator_and_thumbnails.TestStoryQuestGenerator" name="test_generate_full_starts_job" time="0.102" /><testcase classname="backend.tests.test_quest_generator_and_thumbnails.TestStoryQuestGenerator" name="test_generate_status_polling_to_done" time="55.849" /><testcase classname="backend.tests.test_quest_generator_and_thumbnails.TestStoryQuestGenerator" name="test_quest_persisted_as_draft" time="0.119" /><testcase classname="backend.tests.test_quest_generator_and_thumbnails.TestStoryQuestGenerator" name="test_scenes_persisted_with_structure" time="0.150" /><testcase classname="backend.tests.test_quest_generator_and_thumbnails.TestStoryQuestGenerator" name="test_generate_jobs_list" time="0.106" /><testcase classname="backend.tests.test_quest_generator_and_thumbnails.TestRegression" name="test_admin_scenes_list_works" time="0.128" /><testcase classname="backend.tests.test_quest_generator_and_thumbnails.TestRegression" name="test_admin_quests_list_works" time="0.105" /><testcase classname="backend.tests.test_quest_generator_and_thumbnails.TestRegression" name="test_public_quests_list_works" time="0.119" /><testcase classname="backend.tests.test_quest_generator_and_thumbnails.TestZCleanup" name="test_cleanup_test_artifacts" time="0.818" /></testsuite></testsuites>