<?xml version="1.0" encoding="utf-8"?><testsuites name="pytest tests"><testsuite name="pytest" errors="0" failures="0" skipped="0" tests="17" time="25.074" timestamp="2026-05-23T01:58:29.123678+00:00" hostname="agent-env-7d594061-f2a0-4ec2-81a3-a18e51b2ce03"><testcase classname="tests.test_seastar_studio.TestStudioPublicSettings" name="test_settings_no_model_leak" time="16.894" /><testcase classname="tests.test_seastar_studio.TestParseStudioResponse" name="test_fallback_when_no_scene_label" time="0.208" /><testcase classname="tests.test_seastar_studio.TestParseStudioResponse" name="test_parses_rhyme_and_scene" time="0.001" /><testcase classname="tests.test_seastar_studio.TestStudioCreate" name="test_happy_path_cache_hit" time="0.460" /><testcase classname="tests.test_seastar_studio.TestStudioCreate" name="test_cache_dedup_across_visitors" time="0.310" /><testcase classname="tests.test_seastar_studio.TestStudioCreate" name="test_rate_limit_429" time="0.670" /><testcase classname="tests.test_seastar_studio.TestStudioCreate" name="test_banned_subject_gun" time="3.199" /><testcase classname="tests.test_seastar_studio.TestStudioCreate" name="test_banned_word_hate" time="0.116" /><testcase classname="tests.test_seastar_studio.TestStudioCreate" name="test_unknown_character_404" time="0.115" /><testcase classname="tests.test_seastar_studio.TestStudioCreate" name="test_empty_letter_rejected" time="0.108" /><testcase classname="tests.test_seastar_studio.TestStudioCreate" name="test_pii_strip" time="0.159" /><testcase classname="tests.test_seastar_studio.TestStudioHistory" name="test_history_desc_excludes_deleted" time="0.507" /><testcase classname="tests.test_seastar_studio.TestStudioAdmin" name="test_admin_list_keepsakes" time="0.421" /><testcase classname="tests.test_seastar_studio.TestStudioAdmin" name="test_admin_filters" time="0.184" /><testcase classname="tests.test_seastar_studio.TestStudioAdmin" name="test_admin_soft_delete" time="0.179" /><testcase classname="tests.test_seastar_studio.TestStudioAdmin" name="test_admin_settings_roundtrip" time="0.194" /><testcase classname="tests.test_seastar_studio.TestStudioAdmin" name="test_admin_disable_returns_503" time="1.194" /></testsuite></testsuites>