<?xml version="1.0" encoding="utf-8"?><testsuites name="pytest tests"><testsuite name="pytest" errors="0" failures="0" skipped="0" tests="14" time="11.791" timestamp="2026-05-24T13:23:18.592456+00:00" hostname="agent-env-7d594061-f2a0-4ec2-81a3-a18e51b2ce03"><testcase classname="backend.tests.test_printify.TestPrintifyAuthGating" name="test_sync_requires_auth" time="8.937" /><testcase classname="backend.tests.test_printify.TestPrintifyAuthGating" name="test_admin_list_requires_auth" time="0.049" /><testcase classname="backend.tests.test_printify.TestPrintifyAuthGating" name="test_admin_patch_requires_auth" time="0.046" /><testcase classname="backend.tests.test_printify.TestPrintifyPublic" name="test_public_products_returns_list" time="0.045" /><testcase classname="backend.tests.test_printify.TestPrintifyPublic" name="test_public_products_shape" time="0.046" /><testcase classname="backend.tests.test_printify.TestPrintifySync" name="test_sync_runs" time="1.059" /><testcase classname="backend.tests.test_printify.TestPrintifySync" name="test_admin_list_after_sync" time="0.051" /><testcase classname="backend.tests.test_printify.TestPrintifyAdminOverrides" name="test_feature_toggle" time="0.153" /><testcase classname="backend.tests.test_printify.TestPrintifyAdminOverrides" name="test_etsy_url_override_changes_buy_url" time="0.101" /><testcase classname="backend.tests.test_printify.TestPrintifyAdminOverrides" name="test_clear_etsy_falls_back_to_popup" time="0.097" /><testcase classname="backend.tests.test_printify.TestPrintifyAdminOverrides" name="test_hide_removes_from_public" time="0.155" /><testcase classname="backend.tests.test_printify.TestPrintifyAdminOverrides" name="test_unhide_restores" time="0.101" /><testcase classname="backend.tests.test_printify.TestPrintifyAdminOverrides" name="test_patch_unknown_product_404" time="0.052" /><testcase classname="backend.tests.test_printify.TestPrintifyResyncPreservesOverrides" name="test_resync_preserves_featured" time="0.816" /></testsuite></testsuites>