<?xml version="1.0" encoding="utf-8"?><testsuites name="pytest tests"><testsuite name="pytest" errors="0" failures="0" skipped="0" tests="8" time="2.167" timestamp="2026-05-24T00:09:18.794177+00:00" hostname="agent-env-7d594061-f2a0-4ec2-81a3-a18e51b2ce03"><testcase classname="backend.tests.test_sing_along_admin" name="test_public_sing_along_returns_20_songs_with_audio_and_lrc" time="0.147" /><testcase classname="backend.tests.test_sing_along_admin" name="test_admin_login_returns_token" time="0.333" /><testcase classname="backend.tests.test_sing_along_admin" name="test_admin_list_sing_along_songs" time="0.429" /><testcase classname="backend.tests.test_sing_along_admin" name="test_admin_patch_song_theme" time="0.246" /><testcase classname="backend.tests.test_sing_along_admin" name="test_admin_create_and_delete_manual_song" time="0.169" /><testcase classname="backend.tests.test_sing_along_admin" name="test_admin_regenerate_alignment_status" time="0.497" /><testcase classname="backend.tests.test_sing_along_admin" name="test_admin_story_quest_quests_list" time="0.062" /><testcase classname="backend.tests.test_sing_along_admin" name="test_admin_story_quest_patch_hero_image" time="0.216" /></testsuite></testsuites>