<?xml version="1.0" encoding="utf-8"?><testsuites name="pytest tests"><testsuite name="pytest" errors="0" failures="0" skipped="1" tests="45" time="26.086" timestamp="2026-05-22T20:41:28.609729+00:00" hostname="agent-env-7d594061-f2a0-4ec2-81a3-a18e51b2ce03"><testcase classname="backend.tests.test_discounts.TestAdminDiscountCRUD" name="test_create_percent" time="0.616" /><testcase classname="backend.tests.test_discounts.TestAdminDiscountCRUD" name="test_create_fixed_with_min_subtotal" time="0.114" /><testcase classname="backend.tests.test_discounts.TestAdminDiscountCRUD" name="test_create_free_shipping" time="0.139" /><testcase classname="backend.tests.test_discounts.TestAdminDiscountCRUD" name="test_create_bogo" time="0.108" /><testcase classname="backend.tests.test_discounts.TestAdminDiscountCRUD" name="test_duplicate_code_returns_409" time="0.237" /><testcase classname="backend.tests.test_discounts.TestAdminDiscountCRUD" name="test_percent_out_of_range_400" time="0.105" /><testcase classname="backend.tests.test_discounts.TestAdminDiscountCRUD" name="test_bogo_missing_slug_400" time="0.159" /><testcase classname="backend.tests.test_discounts.TestAdminDiscountCRUD" name="test_patch_updates_fields" time="0.412" /><testcase classname="backend.tests.test_discounts.TestAdminDiscountCRUD" name="test_delete_then_404" time="0.448" /><testcase classname="backend.tests.test_discounts.TestAdminDiscountCRUD" name="test_list_includes_created" time="0.260" /><testcase classname="backend.tests.test_discounts.TestAdminDiscountCRUD" name="test_requires_admin" time="0.133" /><testcase classname="backend.tests.test_discounts.TestValidateDiscount" name="test_percent_happy" time="0.231" /><testcase classname="backend.tests.test_discounts.TestValidateDiscount" name="test_fixed_min_subtotal_blocks" time="0.251" /><testcase classname="backend.tests.test_discounts.TestValidateDiscount" name="test_invalid_code" time="0.123" /><testcase classname="backend.tests.test_discounts.TestValidateDiscount" name="test_inactive_code_rejected" time="0.270" /><testcase classname="backend.tests.test_discounts.TestValidateDiscount" name="test_expired_code" time="0.215" /><testcase classname="backend.tests.test_discounts.TestValidateDiscount" name="test_not_active_yet" time="0.214" /><testcase classname="backend.tests.test_discounts.TestValidateDiscount" name="test_allowed_product_not_in_cart" time="0.263" /><testcase classname="backend.tests.test_discounts.TestValidateDiscount" name="test_allowed_product_applies_only_to_eligible" time="0.238" /><testcase classname="backend.tests.test_discounts.TestValidateDiscount" name="test_free_shipping_returns_shipping_cents" time="0.298" /><testcase classname="backend.tests.test_discounts.TestValidateDiscount" name="test_max_total_uses_blocks_after_redemption" time="0.000"><skipped type="pytest.skip" message="max_total_uses redemption flow covered by TestRedemption below">/app/backend/tests/test_discounts.py:307: max_total_uses redemption flow covered by TestRedemption below</skipped></testcase><testcase classname="backend.tests.test_discounts.TestBOGO" name="test_bogo_qty1_rejects" time="0.229" /><testcase classname="backend.tests.test_discounts.TestBOGO" name="test_bogo_qty2_gives_one_free" time="0.252" /><testcase classname="backend.tests.test_discounts.TestBOGO" name="test_bogo_qty4_gives_two_free" time="0.239" /><testcase classname="backend.tests.test_discounts.TestQuoteCartWithDiscount" name="test_quote_cart_applies_percent" time="0.246" /><testcase classname="backend.tests.test_discounts.TestQuoteCartWithDiscount" name="test_quote_cart_free_shipping_zeros_shipping" time="0.250" /><testcase classname="backend.tests.test_discounts.TestQuoteCartWithDiscount" name="test_quote_cart_min_subtotal_surfaces_error_not_400" time="0.213" /><testcase classname="backend.tests.test_discounts.TestSquareCheckoutDiscount" name="test_discount_persists_on_order_doc" time="0.609" /><testcase classname="backend.tests.test_discounts.TestSquareCheckoutDiscount" name="test_free_shipping_zeros_shipping_on_order" time="0.650" /><testcase classname="backend.tests.test_discounts.TestRedemption" name="test_redemption_idempotent_via_engine" time="0.237" /><testcase classname="backend.tests.test_discounts.TestRedemption" name="test_record_redemption_directly_via_motor" time="0.527" /><testcase classname="backend.tests.test_discounts.TestRedemption" name="test_max_total_uses_blocks_after_increment" time="0.290" /><testcase classname="backend.tests.test_discounts.TestRedemption" name="test_max_per_customer" time="0.352" /><testcase classname="backend.tests.test_shipstation_checkout.TestShipStationHealth" name="test_health" time="0.760" /><testcase classname="backend.tests.test_shipstation_checkout.TestShippingRates" name="test_domestic_us_rates" time="4.321" /><testcase classname="backend.tests.test_shipstation_checkout.TestShippingRates" name="test_multi_quantity_scales_weight" time="3.521" /><testcase classname="backend.tests.test_shipstation_checkout.TestShippingRates" name="test_invalid_zip_returns_400" time="2.448" /><testcase classname="backend.tests.test_shipstation_checkout.TestShippingRates" name="test_missing_city_returns_400_or_422" time="0.159" /><testcase classname="backend.tests.test_shipstation_checkout.TestShippingRates" name="test_missing_postal_returns_422" time="0.132" /><testcase classname="backend.tests.test_shipstation_checkout.TestQuoteCart" name="test_quote_cart_uses_override_shipping" time="0.247" /><testcase classname="backend.tests.test_shipstation_checkout.TestQuoteCart" name="test_quote_cart_falls_back_to_legacy_800" time="0.107" /><testcase classname="backend.tests.test_shipstation_checkout.TestSquareCheckoutSchema" name="test_checkout_accepts_shipping_fields_and_rejects_bad_source" time="0.363" /><testcase classname="backend.tests.test_shipstation_checkout.TestSquareCheckoutSchema" name="test_legacy_checkout_without_shipping_cents_still_accepted" time="0.356" /><testcase classname="backend.tests.test_shipstation_checkout.TestShippingCentsPersistence" name="test_override_shipping_cents_661_persists_in_order" time="0.855" /><testcase classname="backend.tests.test_shipstation_checkout.TestShippingCentsPersistence" name="test_no_override_uses_legacy_800_fallback" time="3.801" /></testsuite></testsuites>