<?xml version="1.0" encoding="utf-8"?><testsuites name="pytest tests"><testsuite name="pytest" errors="0" failures="0" skipped="1" tests="80" time="42.017" timestamp="2026-05-23T01:38:42.612371+00:00" hostname="agent-env-7d594061-f2a0-4ec2-81a3-a18e51b2ce03"><testcase classname="tests.test_penpals.TestPenPalsPublic" name="test_settings_no_model_leak" time="0.173" /><testcase classname="tests.test_penpals.TestPenPalsPublic" name="test_letter_happy_path" time="0.129" /><testcase classname="tests.test_penpals.TestPenPalsPublic" name="test_empty_letter_rejected" time="0.115" /><testcase classname="tests.test_penpals.TestPenPalsPublic" name="test_unknown_character_404" time="0.105" /><testcase classname="tests.test_penpals.TestPenPalsPublic" name="test_banned_word_blocked" time="0.103" /><testcase classname="tests.test_penpals.TestPenPalsPublic" name="test_pii_stripped" time="0.118" /><testcase classname="tests.test_penpals.TestPenPalsPublic" name="test_cache_dedup_across_visitors" time="2.762" /><testcase classname="tests.test_penpals.TestPenPalsPublic" name="test_history_excludes_deleted_desc" time="2.983" /><testcase classname="tests.test_penpals.TestPenPalsRateLimit" name="test_429_after_cap" time="5.997" /><testcase classname="tests.test_penpals.TestPenPalsAdmin" name="test_admin_letters_list" time="0.396" /><testcase classname="tests.test_penpals.TestPenPalsAdmin" name="test_admin_letters_filters" time="0.120" /><testcase classname="tests.test_penpals.TestPenPalsAdmin" name="test_admin_settings_roundtrip_and_disable" time="1.391" /><testcase classname="tests.test_penpals.TestPenPalsAdmin" name="test_admin_soft_delete_letter" time="1.356" /><testcase classname="tests.test_penpals.TestAdminDiscountsForPicker" name="test_active_discounts_endpoint" time="0.063" /><testcase classname="tests.test_discounts.TestAdminDiscountCRUD" name="test_create_percent" time="0.447" /><testcase classname="tests.test_discounts.TestAdminDiscountCRUD" name="test_create_fixed_with_min_subtotal" time="0.111" /><testcase classname="tests.test_discounts.TestAdminDiscountCRUD" name="test_create_free_shipping" time="0.108" /><testcase classname="tests.test_discounts.TestAdminDiscountCRUD" name="test_create_bogo" time="0.141" /><testcase classname="tests.test_discounts.TestAdminDiscountCRUD" name="test_duplicate_code_returns_409" time="0.232" /><testcase classname="tests.test_discounts.TestAdminDiscountCRUD" name="test_percent_out_of_range_400" time="0.118" /><testcase classname="tests.test_discounts.TestAdminDiscountCRUD" name="test_bogo_missing_slug_400" time="0.120" /><testcase classname="tests.test_discounts.TestAdminDiscountCRUD" name="test_patch_updates_fields" time="0.340" /><testcase classname="tests.test_discounts.TestAdminDiscountCRUD" name="test_delete_then_404" time="0.326" /><testcase classname="tests.test_discounts.TestAdminDiscountCRUD" name="test_list_includes_created" time="0.216" /><testcase classname="tests.test_discounts.TestAdminDiscountCRUD" name="test_requires_admin" time="0.107" /><testcase classname="tests.test_discounts.TestValidateDiscount" name="test_percent_happy" time="0.221" /><testcase classname="tests.test_discounts.TestValidateDiscount" name="test_fixed_min_subtotal_blocks" time="0.250" /><testcase classname="tests.test_discounts.TestValidateDiscount" name="test_invalid_code" time="0.109" /><testcase classname="tests.test_discounts.TestValidateDiscount" name="test_inactive_code_rejected" time="0.227" /><testcase classname="tests.test_discounts.TestValidateDiscount" name="test_expired_code" time="0.219" /><testcase classname="tests.test_discounts.TestValidateDiscount" name="test_not_active_yet" time="0.224" /><testcase classname="tests.test_discounts.TestValidateDiscount" name="test_allowed_product_not_in_cart" time="0.220" /><testcase classname="tests.test_discounts.TestValidateDiscount" name="test_allowed_product_applies_only_to_eligible" time="0.239" /><testcase classname="tests.test_discounts.TestValidateDiscount" name="test_free_shipping_returns_shipping_cents" time="0.254" /><testcase classname="tests.test_discounts.TestValidateDiscount" name="test_max_total_uses_blocks_after_redemption" time="0.000"><skipped type="pytest.skip" message="max_total_uses redemption flow covered by TestRedemption below">/app/backend/tests/test_discounts.py:307: max_total_uses redemption flow covered by TestRedemption below</skipped></testcase><testcase classname="tests.test_discounts.TestBOGO" name="test_bogo_qty1_rejects" time="0.215" /><testcase classname="tests.test_discounts.TestBOGO" name="test_bogo_qty2_gives_one_free" time="0.242" /><testcase classname="tests.test_discounts.TestBOGO" name="test_bogo_qty4_gives_two_free" time="0.241" /><testcase classname="tests.test_discounts.TestQuoteCartWithDiscount" name="test_quote_cart_applies_percent" time="0.225" /><testcase classname="tests.test_discounts.TestQuoteCartWithDiscount" name="test_quote_cart_free_shipping_zeros_shipping" time="0.211" /><testcase classname="tests.test_discounts.TestQuoteCartWithDiscount" name="test_quote_cart_min_subtotal_surfaces_error_not_400" time="0.215" /><testcase classname="tests.test_discounts.TestSquareCheckoutDiscount" name="test_discount_persists_on_order_doc" time="0.970" /><testcase classname="tests.test_discounts.TestSquareCheckoutDiscount" name="test_free_shipping_zeros_shipping_on_order" time="0.540" /><testcase classname="tests.test_discounts.TestRedemption" name="test_redemption_idempotent_via_engine" time="0.234" /><testcase classname="tests.test_discounts.TestRedemption" name="test_record_redemption_directly_via_motor" time="0.397" /><testcase classname="tests.test_discounts.TestRedemption" name="test_max_total_uses_blocks_after_increment" time="0.229" /><testcase classname="tests.test_discounts.TestRedemption" name="test_max_per_customer" time="0.349" /><testcase classname="tests.test_shipstation_checkout.TestShipStationHealth" name="test_health" time="0.699" /><testcase classname="tests.test_shipstation_checkout.TestShippingRates" name="test_domestic_us_rates" time="3.747" /><testcase classname="tests.test_shipstation_checkout.TestShippingRates" name="test_multi_quantity_scales_weight" time="3.617" /><testcase classname="tests.test_shipstation_checkout.TestShippingRates" name="test_invalid_zip_returns_400" time="1.928" /><testcase classname="tests.test_shipstation_checkout.TestShippingRates" name="test_missing_city_returns_400_or_422" time="0.124" /><testcase classname="tests.test_shipstation_checkout.TestShippingRates" name="test_missing_postal_returns_422" time="0.105" /><testcase classname="tests.test_shipstation_checkout.TestQuoteCart" name="test_quote_cart_uses_override_shipping" time="0.206" /><testcase classname="tests.test_shipstation_checkout.TestQuoteCart" name="test_quote_cart_falls_back_to_legacy_800" time="0.106" /><testcase classname="tests.test_shipstation_checkout.TestSquareCheckoutSchema" name="test_checkout_accepts_shipping_fields_and_rejects_bad_source" time="0.332" /><testcase classname="tests.test_shipstation_checkout.TestSquareCheckoutSchema" name="test_legacy_checkout_without_shipping_cents_still_accepted" time="0.331" /><testcase classname="tests.test_shipstation_checkout.TestShippingCentsPersistence" name="test_override_shipping_cents_661_persists_in_order" time="0.869" /><testcase classname="tests.test_shipstation_checkout.TestShippingCentsPersistence" name="test_no_override_uses_legacy_800_fallback" time="0.447" /><testcase classname="tests.test_readaloud_and_regression.TestReadAloudPublic" name="test_public_get_book_returns_21_pages" time="0.099" /><testcase classname="tests.test_readaloud_and_regression.TestReadAloudPublic" name="test_public_payload_strips_voice_id_and_cache_key" time="0.047" /><testcase classname="tests.test_readaloud_and_regression.TestReadAloudPublic" name="test_speaker_assignments_match_spec" time="0.044" /><testcase classname="tests.test_readaloud_and_regression.TestReadAloudPublic" name="test_public_characters_map_has_5_speakers" time="0.044" /><testcase classname="tests.test_readaloud_and_regression.TestReadAloudPublic" name="test_public_audio_url_resolvable_for_page_1" time="0.151" /><testcase classname="tests.test_readaloud_and_regression.TestReadAloudAdmin" name="test_admin_book_requires_auth" time="0.110" /><testcase classname="tests.test_readaloud_and_regression.TestReadAloudAdmin" name="test_admin_get_book_full_payload" time="0.318" /><testcase classname="tests.test_readaloud_and_regression.TestReadAloudAdmin" name="test_patch_requires_auth" time="0.106" /><testcase classname="tests.test_readaloud_and_regression.TestReadAloudAdmin" name="test_patch_image_only_preserves_audio" time="0.143" /><testcase classname="tests.test_readaloud_and_regression.TestReadAloudAdmin" name="test_patch_text_invalidates_audio" time="0.188" /><testcase classname="tests.test_readaloud_and_regression.TestReadAloudAdmin" name="test_patch_speaker_invalidates_audio_and_changes_voice" time="0.192" /><testcase classname="tests.test_readaloud_and_regression.TestReadAloudAdmin" name="test_generate_endpoint_cache_hit" time="0.103" /><testcase classname="tests.test_readaloud_and_regression.TestReadAloudAdmin" name="test_generate_unknown_page_404" time="0.048" /><testcase classname="tests.test_readaloud_and_regression.TestReadAloudAdmin" name="test_generate_requires_auth" time="0.131" /><testcase classname="tests.test_readaloud_and_regression.TestReadAloudAdmin" name="test_delete_requires_auth" time="0.111" /><testcase classname="tests.test_readaloud_and_regression.TestSquareRegression" name="test_products_listing" time="0.047" /><testcase classname="tests.test_readaloud_and_regression.TestSquareRegression" name="test_quote_cart_with_stuffy" time="0.092" /><testcase classname="tests.test_readaloud_and_regression.TestSquareRegression" name="test_checkout_square_reachable" time="0.049" /><testcase classname="tests.test_readaloud_and_regression.TestVoiceRegression" name="test_voice_quota" time="0.059" /><testcase classname="tests.test_readaloud_and_regression.TestVoiceRegression" name="test_character_greeting_audio" time="0.072" /><testcase classname="tests.test_readaloud_and_regression.TestVoiceRegression" name="test_character_say" time="3.071" /></testsuite></testsuites>