<?xml version="1.0" encoding="utf-8"?><testsuites name="pytest tests"><testsuite name="pytest" errors="0" failures="0" skipped="0" tests="28" time="5.287" timestamp="2026-05-14T12:58:17.120814+00:00" hostname="agent-env-7d594061-f2a0-4ec2-81a3-a18e51b2ce03"><testcase classname="backend.tests.test_levels_and_audio.TestActivityLevels" name="test_activity_returns_levels[maze-4]" time="0.145" /><testcase classname="backend.tests.test_levels_and_audio.TestActivityLevels" name="test_activity_returns_levels[word_search-3]" time="0.052" /><testcase classname="backend.tests.test_levels_and_audio.TestActivityLevels" name="test_activity_returns_levels[memory_match-3]" time="0.064" /><testcase classname="backend.tests.test_levels_and_audio.TestActivityLevels" name="test_activity_returns_levels[rhyme_time-3]" time="0.062" /><testcase classname="backend.tests.test_levels_and_audio.TestActivityLevels" name="test_activity_returns_levels[quiz-2]" time="0.059" /><testcase classname="backend.tests.test_levels_and_audio.TestActivityLevels" name="test_activity_returns_levels[coloring-2]" time="0.084" /><testcase classname="backend.tests.test_levels_and_audio.TestActivityLevels" name="test_activity_returns_levels[spot_difference-2]" time="0.057" /><testcase classname="backend.tests.test_levels_and_audio.TestActivityLevels" name="test_activity_returns_levels[sticker_beach-3]" time="0.061" /><testcase classname="backend.tests.test_levels_and_audio.TestActivityLevels" name="test_maze_level_sizes" time="0.051" /><testcase classname="backend.tests.test_levels_and_audio.TestSiteAmbientAudio" name="test_site_includes_ambient_audio_url" time="0.051" /><testcase classname="backend.tests.test_levels_and_audio.TestAdminUpdateLevels" name="test_put_activity_content_with_levels" time="0.565" /><testcase classname="backend.tests.test_levels_and_audio.TestAmbientAudioSettings" name="test_put_ambient_audio_url_persists" time="0.277" /><testcase classname="backend.tests.test_new_features.TestChatEndpoint" name="test_chat_submission_creates_outbox_with_reply_to" time="0.959" /><testcase classname="backend.tests.test_new_features.TestChatEndpoint" name="test_chat_requires_valid_email" time="0.046" /><testcase classname="backend.tests.test_new_features.TestNoAdminNotifications" name="test_login_does_not_emit_admin_login_alert" time="0.379" /><testcase classname="backend.tests.test_new_features.TestNoAdminNotifications" name="test_mailing_list_signup_emits_only_welcome" time="0.320" /><testcase classname="backend.tests.test_new_features.TestCampaignsAuth" name="test_list_requires_auth" time="0.116" /><testcase classname="backend.tests.test_new_features.TestCampaignsAuth" name="test_create_requires_auth" time="0.130" /><testcase classname="backend.tests.test_new_features.TestCampaignsCRUD" name="test_list_includes_created" time="0.099" /><testcase classname="backend.tests.test_new_features.TestCampaignsCRUD" name="test_get_single" time="0.049" /><testcase classname="backend.tests.test_new_features.TestCampaignsCRUD" name="test_update_persists" time="0.100" /><testcase classname="backend.tests.test_new_features.TestCampaignsCRUD" name="test_preview_renders_all_block_types" time="0.052" /><testcase classname="backend.tests.test_new_features.TestCampaignsCRUD" name="test_send_test_queues_email_with_test_prefix" time="0.253" /><testcase classname="backend.tests.test_new_features.TestCampaignsCRUD" name="test_send_without_recipients_returns_400" time="0.051" /><testcase classname="backend.tests.test_new_features.TestCampaignsCRUD" name="test_send_to_recipient_emails" time="0.516" /><testcase classname="backend.tests.test_new_features.TestCampaignsCRUD" name="test_send_via_recipient_filter_tags" time="0.362" /><testcase classname="backend.tests.test_new_features.TestCampaignsCRUD" name="test_get_unknown_404" time="0.102" /><testcase classname="backend.tests.test_new_features.TestCampaignDelete" name="test_create_and_delete" time="0.144" /></testsuite></testsuites>