<?xml version="1.0" encoding="utf-8"?><testsuites name="pytest tests"><testsuite name="pytest" errors="0" failures="3" skipped="1" tests="66" time="31.862" timestamp="2026-05-22T22:23:18.904994+00:00" hostname="agent-env-7d594061-f2a0-4ec2-81a3-a18e51b2ce03"><testcase classname="backend.tests.test_discounts.TestAdminDiscountCRUD" name="test_create_percent" time="0.550" /><testcase classname="backend.tests.test_discounts.TestAdminDiscountCRUD" name="test_create_fixed_with_min_subtotal" time="0.122" /><testcase classname="backend.tests.test_discounts.TestAdminDiscountCRUD" name="test_create_free_shipping" time="0.103" /><testcase classname="backend.tests.test_discounts.TestAdminDiscountCRUD" name="test_create_bogo" time="0.151" /><testcase classname="backend.tests.test_discounts.TestAdminDiscountCRUD" name="test_duplicate_code_returns_409" time="0.239" /><testcase classname="backend.tests.test_discounts.TestAdminDiscountCRUD" name="test_percent_out_of_range_400" time="0.122" /><testcase classname="backend.tests.test_discounts.TestAdminDiscountCRUD" name="test_bogo_missing_slug_400" time="0.103" /><testcase classname="backend.tests.test_discounts.TestAdminDiscountCRUD" name="test_patch_updates_fields" time="0.373" /><testcase classname="backend.tests.test_discounts.TestAdminDiscountCRUD" name="test_delete_then_404" time="0.333" /><testcase classname="backend.tests.test_discounts.TestAdminDiscountCRUD" name="test_list_includes_created" time="0.314" /><testcase classname="backend.tests.test_discounts.TestAdminDiscountCRUD" name="test_requires_admin" time="0.110" /><testcase classname="backend.tests.test_discounts.TestValidateDiscount" name="test_percent_happy" time="0.207" /><testcase classname="backend.tests.test_discounts.TestValidateDiscount" name="test_fixed_min_subtotal_blocks" time="0.231" /><testcase classname="backend.tests.test_discounts.TestValidateDiscount" name="test_invalid_code" time="0.137" /><testcase classname="backend.tests.test_discounts.TestValidateDiscount" name="test_inactive_code_rejected" time="0.227" /><testcase classname="backend.tests.test_discounts.TestValidateDiscount" name="test_expired_code" time="0.219" /><testcase classname="backend.tests.test_discounts.TestValidateDiscount" name="test_not_active_yet" time="0.211" /><testcase classname="backend.tests.test_discounts.TestValidateDiscount" name="test_allowed_product_not_in_cart" time="0.238" /><testcase classname="backend.tests.test_discounts.TestValidateDiscount" name="test_allowed_product_applies_only_to_eligible" time="0.261" /><testcase classname="backend.tests.test_discounts.TestValidateDiscount" name="test_free_shipping_returns_shipping_cents" time="0.232" /><testcase classname="backend.tests.test_discounts.TestValidateDiscount" name="test_max_total_uses_blocks_after_redemption" time="0.000"><skipped type="pytest.skip" message="max_total_uses redemption flow covered by TestRedemption below">/app/backend/tests/test_discounts.py:307: max_total_uses redemption flow covered by TestRedemption below</skipped></testcase><testcase classname="backend.tests.test_discounts.TestBOGO" name="test_bogo_qty1_rejects" time="0.305" /><testcase classname="backend.tests.test_discounts.TestBOGO" name="test_bogo_qty2_gives_one_free" time="0.218" /><testcase classname="backend.tests.test_discounts.TestBOGO" name="test_bogo_qty4_gives_two_free" time="0.308" /><testcase classname="backend.tests.test_discounts.TestQuoteCartWithDiscount" name="test_quote_cart_applies_percent" time="0.216" /><testcase classname="backend.tests.test_discounts.TestQuoteCartWithDiscount" name="test_quote_cart_free_shipping_zeros_shipping" time="0.213" /><testcase classname="backend.tests.test_discounts.TestQuoteCartWithDiscount" name="test_quote_cart_min_subtotal_surfaces_error_not_400" time="0.240" /><testcase classname="backend.tests.test_discounts.TestSquareCheckoutDiscount" name="test_discount_persists_on_order_doc" time="0.992" /><testcase classname="backend.tests.test_discounts.TestSquareCheckoutDiscount" name="test_free_shipping_zeros_shipping_on_order" time="0.588" /><testcase classname="backend.tests.test_discounts.TestRedemption" name="test_redemption_idempotent_via_engine" time="0.244" /><testcase classname="backend.tests.test_discounts.TestRedemption" name="test_record_redemption_directly_via_motor" time="0.533" /><testcase classname="backend.tests.test_discounts.TestRedemption" name="test_max_total_uses_blocks_after_increment" time="0.233" /><testcase classname="backend.tests.test_discounts.TestRedemption" name="test_max_per_customer" time="0.388" /><testcase classname="backend.tests.test_shipstation_checkout.TestShipStationHealth" name="test_health" time="0.933" /><testcase classname="backend.tests.test_shipstation_checkout.TestShippingRates" name="test_domestic_us_rates" time="3.577" /><testcase classname="backend.tests.test_shipstation_checkout.TestShippingRates" name="test_multi_quantity_scales_weight" time="4.254" /><testcase classname="backend.tests.test_shipstation_checkout.TestShippingRates" name="test_invalid_zip_returns_400" time="2.037" /><testcase classname="backend.tests.test_shipstation_checkout.TestShippingRates" name="test_missing_city_returns_400_or_422" time="0.123" /><testcase classname="backend.tests.test_shipstation_checkout.TestShippingRates" name="test_missing_postal_returns_422" time="0.130" /><testcase classname="backend.tests.test_shipstation_checkout.TestQuoteCart" name="test_quote_cart_uses_override_shipping" time="0.229" /><testcase classname="backend.tests.test_shipstation_checkout.TestQuoteCart" name="test_quote_cart_falls_back_to_legacy_800" time="0.119" /><testcase classname="backend.tests.test_shipstation_checkout.TestSquareCheckoutSchema" name="test_checkout_accepts_shipping_fields_and_rejects_bad_source" time="0.337" /><testcase classname="backend.tests.test_shipstation_checkout.TestSquareCheckoutSchema" name="test_legacy_checkout_without_shipping_cents_still_accepted" time="0.330" /><testcase classname="backend.tests.test_shipstation_checkout.TestShippingCentsPersistence" name="test_override_shipping_cents_661_persists_in_order" time="0.815" /><testcase classname="backend.tests.test_shipstation_checkout.TestShippingCentsPersistence" name="test_no_override_uses_legacy_800_fallback" time="0.439" /><testcase classname="backend.tests.test_readaloud_and_regression.TestReadAloudPublic" name="test_public_get_book_returns_20_pages" time="0.109"><failure message="AssertionError: Expected 20 pages, got 21&#10;assert 21 == 20&#10; +  where 21 = len([{'audio_url': '/api/uploads/voice/70228f40f1a8acfb599e718331a0957dcc3b437767f2e7103a749ebb6b765346.mp3', 'character_s...ccee749cd2d012cdf1526c2c299c788885e8fc859.mp3', 'character_slug': 'ms-bluegill', 'image_url': '', 'page': 6, ...}, ...])">E   AssertionError: Expected 20 pages, got 21
    assert 21 == 20
     +  where 21 = len([{'audio_url': '/api/uploads/voice/70228f40f1a8acfb599e718331a0957dcc3b437767f2e7103a749ebb6b765346.mp3', 'character_s...ccee749cd2d012cdf1526c2c299c788885e8fc859.mp3', 'character_slug': 'ms-bluegill', 'image_url': '', 'page': 6, ...}, ...])</failure></testcase><testcase classname="backend.tests.test_readaloud_and_regression.TestReadAloudPublic" name="test_public_payload_strips_voice_id_and_cache_key" time="0.048" /><testcase classname="backend.tests.test_readaloud_and_regression.TestReadAloudPublic" name="test_speaker_assignments_match_spec" time="0.053"><failure message="AssertionError: Page 1: expected ms-bluegill, got myrtle&#10;assert 'myrtle' == 'ms-bluegill'&#10;  &#10;  - ms-bluegill&#10;  + myrtle">E   AssertionError: Page 1: expected ms-bluegill, got myrtle
    assert 'myrtle' == 'ms-bluegill'
      
      - ms-bluegill
      + myrtle</failure></testcase><testcase classname="backend.tests.test_readaloud_and_regression.TestReadAloudPublic" name="test_public_characters_map_has_5_speakers" time="0.046" /><testcase classname="backend.tests.test_readaloud_and_regression.TestReadAloudPublic" name="test_public_audio_url_resolvable_for_page_1" time="0.199" /><testcase classname="backend.tests.test_readaloud_and_regression.TestReadAloudAdmin" name="test_admin_book_requires_auth" time="0.110" /><testcase classname="backend.tests.test_readaloud_and_regression.TestReadAloudAdmin" name="test_admin_get_book_full_payload" time="0.320"><failure message="AssertionError: assert 21 == 20&#10; +  where 21 = len([{'audio_url': '/api/uploads/voice/70228f40f1a8acfb599e718331a0957dcc3b437767f2e7103a749ebb6b765346.mp3', 'cache_key':...a69068230247912ccee749cd2d012cdf1526c2c299c788885e8fc859', 'character_slug': 'ms-bluegill', 'image_url': '', ...}, ...])">E   AssertionError: assert 21 == 20
     +  where 21 = len([{'audio_url': '/api/uploads/voice/70228f40f1a8acfb599e718331a0957dcc3b437767f2e7103a749ebb6b765346.mp3', 'cache_key':...a69068230247912ccee749cd2d012cdf1526c2c299c788885e8fc859', 'character_slug': 'ms-bluegill', 'image_url': '', ...}, ...])</failure></testcase><testcase classname="backend.tests.test_readaloud_and_regression.TestReadAloudAdmin" name="test_patch_requires_auth" time="0.113" /><testcase classname="backend.tests.test_readaloud_and_regression.TestReadAloudAdmin" name="test_patch_image_only_preserves_audio" time="0.145" /><testcase classname="backend.tests.test_readaloud_and_regression.TestReadAloudAdmin" name="test_patch_text_invalidates_audio" time="0.199" /><testcase classname="backend.tests.test_readaloud_and_regression.TestReadAloudAdmin" name="test_patch_speaker_invalidates_audio_and_changes_voice" time="0.200" /><testcase classname="backend.tests.test_readaloud_and_regression.TestReadAloudAdmin" name="test_generate_endpoint_cache_hit" time="0.111" /><testcase classname="backend.tests.test_readaloud_and_regression.TestReadAloudAdmin" name="test_generate_unknown_page_404" time="0.048" /><testcase classname="backend.tests.test_readaloud_and_regression.TestReadAloudAdmin" name="test_generate_requires_auth" time="0.114" /><testcase classname="backend.tests.test_readaloud_and_regression.TestReadAloudAdmin" name="test_delete_requires_auth" time="0.125" /><testcase classname="backend.tests.test_readaloud_and_regression.TestSquareRegression" name="test_products_listing" time="0.050" /><testcase classname="backend.tests.test_readaloud_and_regression.TestSquareRegression" name="test_quote_cart_with_stuffy" time="0.112" /><testcase classname="backend.tests.test_readaloud_and_regression.TestSquareRegression" name="test_checkout_square_reachable" time="0.086" /><testcase classname="backend.tests.test_readaloud_and_regression.TestVoiceRegression" name="test_voice_quota" time="0.055" /><testcase classname="backend.tests.test_readaloud_and_regression.TestVoiceRegression" name="test_character_greeting_audio" time="0.075" /><testcase classname="backend.tests.test_readaloud_and_regression.TestVoiceRegression" name="test_character_say" time="7.157" /></testsuite></testsuites>