<?xml version="1.0" encoding="utf-8"?><testsuites name="pytest tests"><testsuite name="pytest" errors="0" failures="0" skipped="0" tests="19" time="1.072" timestamp="2026-05-24T13:05:57.150547+00:00" hostname="agent-env-7d594061-f2a0-4ec2-81a3-a18e51b2ce03"><testcase classname="backend.tests.test_activities_batch5_6" name="test_list_activities_has_32" time="0.140" /><testcase classname="backend.tests.test_activities_batch5_6" name="test_math_pond_levels" time="0.052" /><testcase classname="backend.tests.test_activities_batch5_6" name="test_time_teller_levels" time="0.048" /><testcase classname="backend.tests.test_activities_batch5_6" name="test_color_mixer_levels" time="0.047" /><testcase classname="backend.tests.test_activities_batch5_6" name="test_emotion_match_levels" time="0.047" /><testcase classname="backend.tests.test_activities_batch5_6" name="test_tap_target_levels" time="0.048" /><testcase classname="backend.tests.test_activities_batch5_6" name="test_map_directions_levels" time="0.046" /><testcase classname="backend.tests.test_activities_batch5_6" name="test_before_after_levels" time="0.047" /><testcase classname="backend.tests.test_activities_batch5_6" name="test_scales_balance_levels" time="0.047" /><testcase classname="backend.tests.test_activities_batch5_6" name="test_scales_balance_sum_logic" time="0.000" /><testcase classname="backend.tests.test_activities_batch5_6" name="test_regression_prev_games[memory_match]" time="0.045" /><testcase classname="backend.tests.test_activities_batch5_6" name="test_regression_prev_games[maze]" time="0.048" /><testcase classname="backend.tests.test_activities_batch5_6" name="test_regression_prev_games[hidden_objects]" time="0.055" /><testcase classname="backend.tests.test_activities_batch5_6" name="test_regression_prev_games[connect_dots]" time="0.049" /><testcase classname="backend.tests.test_activities_batch5_6" name="test_regression_prev_games[color_by_number]" time="0.050" /><testcase classname="backend.tests.test_activities_batch5_6" name="test_regression_prev_games[odd_one_out]" time="0.051" /><testcase classname="backend.tests.test_activities_batch5_6" name="test_regression_prev_games[word_unscramble]" time="0.045" /><testcase classname="backend.tests.test_activities_batch5_6" name="test_regression_prev_games[animal_sounds]" time="0.047" /><testcase classname="backend.tests.test_activities_batch5_6" name="test_unknown_activity_returns_404" time="0.051" /></testsuite></testsuites>