<?xml version="1.0" encoding="utf-8"?><testsuites name="pytest tests"><testsuite name="pytest" errors="0" failures="0" skipped="0" tests="10" time="1.992" timestamp="2026-05-23T18:41:40.837757+00:00" hostname="agent-env-7d594061-f2a0-4ec2-81a3-a18e51b2ce03"><testcase classname="backend.tests.test_story_quest.TestStoryQuestPublic" name="test_scenes_returns_12_active_ordered_no_id_leak" time="0.175" /><testcase classname="backend.tests.test_story_quest.TestStoryQuestPublic" name="test_character_mappings_has_4_wave_keys" time="0.152" /><testcase classname="backend.tests.test_story_quest.TestStoryQuestPublic" name="test_track_completion_success" time="0.158" /><testcase classname="backend.tests.test_story_quest.TestStoryQuestAdmin" name="test_requires_admin_auth" time="0.173" /><testcase classname="backend.tests.test_story_quest.TestStoryQuestAdmin" name="test_admin_list_includes_inactive" time="0.384" /><testcase classname="backend.tests.test_story_quest.TestStoryQuestAdmin" name="test_admin_create_patch_delete" time="0.257" /><testcase classname="backend.tests.test_story_quest.TestStoryQuestAdmin" name="test_admin_reorder_roundtrip" time="0.261" /><testcase classname="backend.tests.test_story_quest.TestStoryQuestAdmin" name="test_admin_reorder_rejects_empty" time="0.048" /><testcase classname="backend.tests.test_story_quest.TestStoryQuestAdmin" name="test_admin_mappings_get_and_put" time="0.185" /><testcase classname="backend.tests.test_story_quest.TestStoryQuestAdmin" name="test_admin_analytics_shape" time="0.049" /></testsuite></testsuites>