<?xml version="1.0" encoding="utf-8"?><testsuites name="pytest tests"><testsuite name="pytest" errors="0" failures="0" skipped="0" tests="17" time="6.076" timestamp="2026-05-23T01:38:32.074296+00:00" hostname="agent-env-7d594061-f2a0-4ec2-81a3-a18e51b2ce03"><testcase classname="tests.test_coloring.TestHomepageHeroRegression" name="test_hero_no_test_marker" time="0.286" /><testcase classname="tests.test_coloring.TestColoringPublic" name="test_settings_no_model_leak" time="0.157" /><testcase classname="tests.test_coloring.TestColoringPublic" name="test_generate_happy_path_via_cache" time="0.314" /><testcase classname="tests.test_coloring.TestColoringPublic" name="test_real_live_generation_smoke" time="0.144" /><testcase classname="tests.test_coloring.TestColoringPublic" name="test_cache_dedup_across_visitors" time="0.242" /><testcase classname="tests.test_coloring.TestColoringPublic" name="test_blocked_subject_gun" time="0.122" /><testcase classname="tests.test_coloring.TestColoringPublic" name="test_banned_word_hate" time="0.121" /><testcase classname="tests.test_coloring.TestColoringPublic" name="test_empty_prompt_rejected" time="0.106" /><testcase classname="tests.test_coloring.TestColoringPublic" name="test_unknown_character_accepted_with_empty_name" time="0.140" /><testcase classname="tests.test_coloring.TestColoringPublic" name="test_pii_stripped" time="0.314" /><testcase classname="tests.test_coloring.TestColoringPublic" name="test_rate_limit_429" time="0.814" /><testcase classname="tests.test_coloring.TestColoringPublic" name="test_recent_endpoint_shape" time="0.232" /><testcase classname="tests.test_coloring.TestColoringAdmin" name="test_admin_pages_list" time="0.441" /><testcase classname="tests.test_coloring.TestColoringAdmin" name="test_admin_settings_roundtrip" time="0.210" /><testcase classname="tests.test_coloring.TestColoringAdmin" name="test_admin_disable_returns_503" time="1.437" /><testcase classname="tests.test_coloring.TestColoringAdmin" name="test_admin_soft_delete_page" time="0.211" /><testcase classname="tests.test_coloring.TestColoringAdmin" name="test_admin_share_publicly_false_hides_recent" time="0.627" /></testsuite></testsuites>