<?xml version="1.0" encoding="utf-8"?><testsuites name="pytest tests"><testsuite name="pytest" errors="0" failures="0" skipped="0" tests="13" time="0.993" timestamp="2026-05-24T12:50:25.746151+00:00" hostname="agent-env-7d594061-f2a0-4ec2-81a3-a18e51b2ce03"><testcase classname="backend.tests.test_activities_batch3_4" name="test_list_activities_has_24" time="0.307" /><testcase classname="backend.tests.test_activities_batch3_4" name="test_connect_dots_levels" time="0.051" /><testcase classname="backend.tests.test_activities_batch3_4" name="test_color_by_number_levels" time="0.048" /><testcase classname="backend.tests.test_activities_batch3_4" name="test_shadow_match_levels" time="0.049" /><testcase classname="backend.tests.test_activities_batch3_4" name="test_odd_one_out_levels" time="0.052" /><testcase classname="backend.tests.test_activities_batch3_4" name="test_simon_says_levels" time="0.056" /><testcase classname="backend.tests.test_activities_batch3_4" name="test_word_unscramble_levels" time="0.049" /><testcase classname="backend.tests.test_activities_batch3_4" name="test_count_and_click_levels" time="0.049" /><testcase classname="backend.tests.test_activities_batch3_4" name="test_animal_sounds_levels" time="0.049" /><testcase classname="backend.tests.test_activities_batch3_4" name="test_existing_games_regression[memory_match]" time="0.046" /><testcase classname="backend.tests.test_activities_batch3_4" name="test_existing_games_regression[maze]" time="0.045" /><testcase classname="backend.tests.test_activities_batch3_4" name="test_existing_games_regression[hidden_objects]" time="0.056" /><testcase classname="backend.tests.test_activities_batch3_4" name="test_unknown_activity_returns_404" time="0.050" /></testsuite></testsuites>