<?xml version="1.0" encoding="utf-8"?><testsuites name="pytest tests"><testsuite name="pytest" errors="0" failures="0" skipped="0" tests="21" time="4.496" timestamp="2026-05-21T20:56:16.118101+00:00" hostname="agent-env-7d594061-f2a0-4ec2-81a3-a18e51b2ce03"><testcase classname="backend.tests.test_readaloud_and_regression.TestReadAloudPublic" name="test_public_get_book_returns_20_pages" time="0.165" /><testcase classname="backend.tests.test_readaloud_and_regression.TestReadAloudPublic" name="test_public_payload_strips_voice_id_and_cache_key" time="0.067" /><testcase classname="backend.tests.test_readaloud_and_regression.TestReadAloudPublic" name="test_speaker_assignments_match_spec" time="0.071" /><testcase classname="backend.tests.test_readaloud_and_regression.TestReadAloudPublic" name="test_public_characters_map_has_5_speakers" time="0.069" /><testcase classname="backend.tests.test_readaloud_and_regression.TestReadAloudPublic" name="test_public_audio_url_resolvable_for_page_1" time="0.206" /><testcase classname="backend.tests.test_readaloud_and_regression.TestReadAloudAdmin" name="test_admin_book_requires_auth" time="0.131" /><testcase classname="backend.tests.test_readaloud_and_regression.TestReadAloudAdmin" name="test_admin_get_book_full_payload" time="0.377" /><testcase classname="backend.tests.test_readaloud_and_regression.TestReadAloudAdmin" name="test_patch_requires_auth" time="0.121" /><testcase classname="backend.tests.test_readaloud_and_regression.TestReadAloudAdmin" name="test_patch_image_only_preserves_audio" time="0.215" /><testcase classname="backend.tests.test_readaloud_and_regression.TestReadAloudAdmin" name="test_patch_text_invalidates_audio" time="0.288" /><testcase classname="backend.tests.test_readaloud_and_regression.TestReadAloudAdmin" name="test_patch_speaker_invalidates_audio_and_changes_voice" time="0.296" /><testcase classname="backend.tests.test_readaloud_and_regression.TestReadAloudAdmin" name="test_generate_endpoint_cache_hit" time="0.148" /><testcase classname="backend.tests.test_readaloud_and_regression.TestReadAloudAdmin" name="test_generate_unknown_page_404" time="0.071" /><testcase classname="backend.tests.test_readaloud_and_regression.TestReadAloudAdmin" name="test_generate_requires_auth" time="0.131" /><testcase classname="backend.tests.test_readaloud_and_regression.TestReadAloudAdmin" name="test_delete_requires_auth" time="0.121" /><testcase classname="backend.tests.test_readaloud_and_regression.TestSquareRegression" name="test_products_listing" time="0.073" /><testcase classname="backend.tests.test_readaloud_and_regression.TestSquareRegression" name="test_quote_cart_with_stuffy" time="0.143" /><testcase classname="backend.tests.test_readaloud_and_regression.TestSquareRegression" name="test_checkout_square_reachable" time="0.068" /><testcase classname="backend.tests.test_readaloud_and_regression.TestVoiceRegression" name="test_voice_quota" time="0.068" /><testcase classname="backend.tests.test_readaloud_and_regression.TestVoiceRegression" name="test_character_greeting_audio" time="0.117" /><testcase classname="backend.tests.test_readaloud_and_regression.TestVoiceRegression" name="test_character_say" time="1.456" /></testsuite></testsuites>