<?xml version="1.0" encoding="utf-8"?><testsuites name="pytest tests"><testsuite name="pytest" errors="0" failures="0" skipped="0" tests="16" time="3.998" timestamp="2026-05-14T11:06:25.442412+00:00" hostname="agent-env-7d594061-f2a0-4ec2-81a3-a18e51b2ce03"><testcase classname="backend.tests.test_new_features.TestChatEndpoint" name="test_chat_submission_creates_outbox_with_reply_to" time="0.783" /><testcase classname="backend.tests.test_new_features.TestChatEndpoint" name="test_chat_requires_valid_email" time="0.086" /><testcase classname="backend.tests.test_new_features.TestNoAdminNotifications" name="test_login_does_not_emit_admin_login_alert" time="0.360" /><testcase classname="backend.tests.test_new_features.TestNoAdminNotifications" name="test_mailing_list_signup_emits_only_welcome" time="0.297" /><testcase classname="backend.tests.test_new_features.TestCampaignsAuth" name="test_list_requires_auth" time="0.120" /><testcase classname="backend.tests.test_new_features.TestCampaignsAuth" name="test_create_requires_auth" time="0.113" /><testcase classname="backend.tests.test_new_features.TestCampaignsCRUD" name="test_list_includes_created" time="0.125" /><testcase classname="backend.tests.test_new_features.TestCampaignsCRUD" name="test_get_single" time="0.082" /><testcase classname="backend.tests.test_new_features.TestCampaignsCRUD" name="test_update_persists" time="0.164" /><testcase classname="backend.tests.test_new_features.TestCampaignsCRUD" name="test_preview_renders_all_block_types" time="0.043" /><testcase classname="backend.tests.test_new_features.TestCampaignsCRUD" name="test_send_test_queues_email_with_test_prefix" time="0.290" /><testcase classname="backend.tests.test_new_features.TestCampaignsCRUD" name="test_send_without_recipients_returns_400" time="0.082" /><testcase classname="backend.tests.test_new_features.TestCampaignsCRUD" name="test_send_to_recipient_emails" time="0.550" /><testcase classname="backend.tests.test_new_features.TestCampaignsCRUD" name="test_send_via_recipient_filter_tags" time="0.478" /><testcase classname="backend.tests.test_new_features.TestCampaignsCRUD" name="test_get_unknown_404" time="0.125" /><testcase classname="backend.tests.test_new_features.TestCampaignDelete" name="test_create_and_delete" time="0.207" /></testsuite></testsuites>