<?xml version="1.0" encoding="utf-8"?><testsuites name="pytest tests"><testsuite name="pytest" errors="0" failures="4" skipped="0" tests="54" time="8.558" timestamp="2026-05-14T11:08:18.444530+00:00" hostname="agent-env-7d594061-f2a0-4ec2-81a3-a18e51b2ce03"><testcase classname="backend.tests.backend_test.TestHealth" name="test_health" time="0.121" /><testcase classname="backend.tests.backend_test.TestPublic" name="test_site_settings" time="0.044" /><testcase classname="backend.tests.backend_test.TestPublic" name="test_characters_list" time="0.047" /><testcase classname="backend.tests.backend_test.TestPublic" name="test_character_myrtle" time="0.046" /><testcase classname="backend.tests.backend_test.TestPublic" name="test_products_list" time="0.044"><failure message="AssertionError: Expected 13 products, got 2&#10;assert 2 == 13&#10; +  where 2 = len([{'category': 'Stuffies', 'character_slug': 'myrtle', 'compare_at_price': None, 'created_at': '2026-05-13T21:10:01.692445+00:00', ...}, {'category': 'Stuffies', 'character_slug': 'ray', 'compare_at_price': None, 'created_at': '2026-05-13T21:10:01.691782+00:00', ...}])">E   AssertionError: Expected 13 products, got 2
    assert 2 == 13
     +  where 2 = len([{'category': 'Stuffies', 'character_slug': 'myrtle', 'compare_at_price': None, 'created_at': '2026-05-13T21:10:01.692445+00:00', ...}, {'category': 'Stuffies', 'character_slug': 'ray', 'compare_at_price': None, 'created_at': '2026-05-13T21:10:01.691782+00:00', ...}])</failure></testcase><testcase classname="backend.tests.backend_test.TestPublic" name="test_products_featured_filter" time="0.042" /><testcase classname="backend.tests.backend_test.TestPublic" name="test_product_detail" time="0.046" /><testcase classname="backend.tests.backend_test.TestPublic" name="test_download_categories" time="0.045" /><testcase classname="backend.tests.backend_test.TestPublic" name="test_downloads_list" time="0.046" /><testcase classname="backend.tests.backend_test.TestPublic" name="test_downloads_by_category" time="0.045" /><testcase classname="backend.tests.backend_test.TestPublic" name="test_downloads_by_audience" time="0.046" /><testcase classname="backend.tests.backend_test.TestPublic" name="test_download_detail" time="0.045" /><testcase classname="backend.tests.backend_test.TestPublic" name="test_download_track_increment" time="0.133" /><testcase classname="backend.tests.backend_test.TestPublic" name="test_page_homepage_hero" time="0.045" /><testcase classname="backend.tests.backend_test.TestPublic" name="test_page_wave_values" time="0.043" /><testcase classname="backend.tests.backend_test.TestPublic" name="test_activities_list" time="0.044" /><testcase classname="backend.tests.backend_test.TestPublicSubmissions" name="test_contact" time="0.587"><failure message="AssertionError: Contact email not queued&#10;assert False&#10; +  where False = any(&lt;generator object TestPublicSubmissions.test_contact.&lt;locals&gt;.&lt;genexpr&gt; at 0xfcddd0850f40&gt;)">E   AssertionError: Contact email not queued
    assert False
     +  where False = any(&lt;generator object TestPublicSubmissions.test_contact.&lt;locals&gt;.&lt;genexpr&gt; at 0xfcddd0850f40&gt;)</failure></testcase><testcase classname="backend.tests.backend_test.TestPublicSubmissions" name="test_wholesale" time="0.259" /><testcase classname="backend.tests.backend_test.TestPublicSubmissions" name="test_mailing_list_dedupe" time="0.325" /><testcase classname="backend.tests.backend_test.TestPublicSubmissions" name="test_download_capture" time="0.096" /><testcase classname="backend.tests.backend_test.TestAuth" name="test_login_wrong_password" time="0.266" /><testcase classname="backend.tests.backend_test.TestAuth" name="test_login_success_sets_cookies" time="0.337" /><testcase classname="backend.tests.backend_test.TestAuth" name="test_me_with_bearer" time="0.044" /><testcase classname="backend.tests.backend_test.TestAuth" name="test_admin_dashboard_unauthorized" time="0.107" /><testcase classname="backend.tests.backend_test.TestAuth" name="test_admin_dashboard_authorized" time="0.050" /><testcase classname="backend.tests.backend_test.TestAdminProducts" name="test_list_all_includes_unpublished" time="0.047" /><testcase classname="backend.tests.backend_test.TestAdminProducts" name="test_create_update_delete_product" time="0.332" /><testcase classname="backend.tests.backend_test.TestAdminCharacters" name="test_list_admin" time="0.055" /><testcase classname="backend.tests.backend_test.TestAdminCharacters" name="test_update_myrtle_bio" time="0.197" /><testcase classname="backend.tests.backend_test.TestAdminCharacters" name="test_cannot_delete_core_character" time="0.043" /><testcase classname="backend.tests.backend_test.TestAdminDownloads" name="test_download_crud" time="0.190" /><testcase classname="backend.tests.backend_test.TestAdminDownloadCategories" name="test_cat_crud" time="0.137" /><testcase classname="backend.tests.backend_test.TestAdminPages" name="test_update_homepage_hero" time="0.180" /><testcase classname="backend.tests.backend_test.TestAdminSettings" name="test_default_emails" time="0.044" /><testcase classname="backend.tests.backend_test.TestAdminSettings" name="test_update_settings" time="0.089" /><testcase classname="backend.tests.backend_test.TestAdminMailingList" name="test_add_list_delete" time="0.137" /><testcase classname="backend.tests.backend_test.TestEmailOutbox" name="test_outbox_queues_when_no_key" time="0.371"><failure message="AssertionError: assert 'sent' == 'pending'&#10;  &#10;  - pending&#10;  + sent">E   AssertionError: assert 'sent' == 'pending'
      
      - pending
      + sent</failure></testcase><testcase classname="backend.tests.backend_test.TestAdminMedia" name="test_upload_list_delete_png" time="0.170"><failure message="AssertionError: assert False&#10; +  where False = &lt;built-in method startswith of str object at 0xfcddd0890b20&gt;('/uploads/')&#10; +    where &lt;built-in method startswith of str object at 0xfcddd0890b20&gt; = '/api/uploads/0bba6a9f6a9d4e669809aca9884bcf34.png'.startswith">E   AssertionError: assert False
     +  where False = &lt;built-in method startswith of str object at 0xfcddd0890b20&gt;('/uploads/')
     +    where &lt;built-in method startswith of str object at 0xfcddd0890b20&gt; = '/api/uploads/0bba6a9f6a9d4e669809aca9884bcf34.png'.startswith</failure></testcase><testcase classname="backend.tests.test_new_features.TestChatEndpoint" name="test_chat_submission_creates_outbox_with_reply_to" time="0.775" /><testcase classname="backend.tests.test_new_features.TestChatEndpoint" name="test_chat_requires_valid_email" time="0.061" /><testcase classname="backend.tests.test_new_features.TestNoAdminNotifications" name="test_login_does_not_emit_admin_login_alert" time="0.385" /><testcase classname="backend.tests.test_new_features.TestNoAdminNotifications" name="test_mailing_list_signup_emits_only_welcome" time="0.354" /><testcase classname="backend.tests.test_new_features.TestCampaignsAuth" name="test_list_requires_auth" time="0.115" /><testcase classname="backend.tests.test_new_features.TestCampaignsAuth" name="test_create_requires_auth" time="0.128" /><testcase classname="backend.tests.test_new_features.TestCampaignsCRUD" name="test_list_includes_created" time="0.096" /><testcase classname="backend.tests.test_new_features.TestCampaignsCRUD" name="test_get_single" time="0.046" /><testcase classname="backend.tests.test_new_features.TestCampaignsCRUD" name="test_update_persists" time="0.092" /><testcase classname="backend.tests.test_new_features.TestCampaignsCRUD" name="test_preview_renders_all_block_types" time="0.047" /><testcase classname="backend.tests.test_new_features.TestCampaignsCRUD" name="test_send_test_queues_email_with_test_prefix" time="0.251" /><testcase classname="backend.tests.test_new_features.TestCampaignsCRUD" name="test_send_without_recipients_returns_400" time="0.044" /><testcase classname="backend.tests.test_new_features.TestCampaignsCRUD" name="test_send_to_recipient_emails" time="0.519" /><testcase classname="backend.tests.test_new_features.TestCampaignsCRUD" name="test_send_via_recipient_filter_tags" time="0.374" /><testcase classname="backend.tests.test_new_features.TestCampaignsCRUD" name="test_get_unknown_404" time="0.097" /><testcase classname="backend.tests.test_new_features.TestCampaignDelete" name="test_create_and_delete" time="0.136" /></testsuite></testsuites>