<?xml version="1.0" encoding="utf-8"?><testsuites name="pytest tests"><testsuite name="pytest" errors="0" failures="0" skipped="0" tests="38" time="6.072" timestamp="2026-05-13T21:24:00.562055+00:00" hostname="agent-env-7d594061-f2a0-4ec2-81a3-a18e51b2ce03"><testcase classname="backend.tests.backend_test.TestHealth" name="test_health" time="0.322" /><testcase classname="backend.tests.backend_test.TestPublic" name="test_site_settings" time="0.065" /><testcase classname="backend.tests.backend_test.TestPublic" name="test_characters_list" time="0.084" /><testcase classname="backend.tests.backend_test.TestPublic" name="test_character_myrtle" time="0.067" /><testcase classname="backend.tests.backend_test.TestPublic" name="test_products_list" time="0.071" /><testcase classname="backend.tests.backend_test.TestPublic" name="test_products_featured_filter" time="0.060" /><testcase classname="backend.tests.backend_test.TestPublic" name="test_product_detail" time="0.063" /><testcase classname="backend.tests.backend_test.TestPublic" name="test_download_categories" time="0.057" /><testcase classname="backend.tests.backend_test.TestPublic" name="test_downloads_list" time="0.063" /><testcase classname="backend.tests.backend_test.TestPublic" name="test_downloads_by_category" time="0.063" /><testcase classname="backend.tests.backend_test.TestPublic" name="test_downloads_by_audience" time="0.074" /><testcase classname="backend.tests.backend_test.TestPublic" name="test_download_detail" time="0.063" /><testcase classname="backend.tests.backend_test.TestPublic" name="test_download_track_increment" time="0.204" /><testcase classname="backend.tests.backend_test.TestPublic" name="test_page_homepage_hero" time="0.083" /><testcase classname="backend.tests.backend_test.TestPublic" name="test_page_wave_values" time="0.064" /><testcase classname="backend.tests.backend_test.TestPublic" name="test_activities_list" time="0.063" /><testcase classname="backend.tests.backend_test.TestPublicSubmissions" name="test_contact" time="0.589" /><testcase classname="backend.tests.backend_test.TestPublicSubmissions" name="test_wholesale" time="0.133" /><testcase classname="backend.tests.backend_test.TestPublicSubmissions" name="test_mailing_list_dedupe" time="0.205" /><testcase classname="backend.tests.backend_test.TestPublicSubmissions" name="test_download_capture" time="0.125" /><testcase classname="backend.tests.backend_test.TestAuth" name="test_login_wrong_password" time="0.288" /><testcase classname="backend.tests.backend_test.TestAuth" name="test_login_success_sets_cookies" time="0.343" /><testcase classname="backend.tests.backend_test.TestAuth" name="test_me_with_bearer" time="0.064" /><testcase classname="backend.tests.backend_test.TestAuth" name="test_admin_dashboard_unauthorized" time="0.100" /><testcase classname="backend.tests.backend_test.TestAuth" name="test_admin_dashboard_authorized" time="0.062" /><testcase classname="backend.tests.backend_test.TestAdminProducts" name="test_list_all_includes_unpublished" time="0.065" /><testcase classname="backend.tests.backend_test.TestAdminProducts" name="test_create_update_delete_product" time="0.447" /><testcase classname="backend.tests.backend_test.TestAdminCharacters" name="test_list_admin" time="0.061" /><testcase classname="backend.tests.backend_test.TestAdminCharacters" name="test_update_myrtle_bio" time="0.209" /><testcase classname="backend.tests.backend_test.TestAdminCharacters" name="test_cannot_delete_core_character" time="0.100" /><testcase classname="backend.tests.backend_test.TestAdminDownloads" name="test_download_crud" time="0.242" /><testcase classname="backend.tests.backend_test.TestAdminDownloadCategories" name="test_cat_crud" time="0.174" /><testcase classname="backend.tests.backend_test.TestAdminPages" name="test_update_homepage_hero" time="0.218" /><testcase classname="backend.tests.backend_test.TestAdminSettings" name="test_default_emails" time="0.059" /><testcase classname="backend.tests.backend_test.TestAdminSettings" name="test_update_settings" time="0.107" /><testcase classname="backend.tests.backend_test.TestAdminMailingList" name="test_add_list_delete" time="0.193" /><testcase classname="backend.tests.backend_test.TestEmailOutbox" name="test_outbox_queues_when_no_key" time="0.128" /><testcase classname="backend.tests.backend_test.TestAdminMedia" name="test_upload_list_delete_png" time="0.458" /></testsuite></testsuites>