<?xml version="1.0" encoding="utf-8"?><testsuites name="pytest tests"><testsuite name="pytest" errors="0" failures="0" skipped="0" tests="10" time="14.678" timestamp="2026-05-22T18:29:42.978638+00:00" hostname="agent-env-7d594061-f2a0-4ec2-81a3-a18e51b2ce03"><testcase classname="backend.tests.test_shipstation_checkout.TestShipStationHealth" name="test_health" time="0.836" /><testcase classname="backend.tests.test_shipstation_checkout.TestShippingRates" name="test_domestic_us_rates" time="3.912" /><testcase classname="backend.tests.test_shipstation_checkout.TestShippingRates" name="test_multi_quantity_scales_weight" time="5.469" /><testcase classname="backend.tests.test_shipstation_checkout.TestShippingRates" name="test_invalid_zip_returns_400" time="2.423" /><testcase classname="backend.tests.test_shipstation_checkout.TestShippingRates" name="test_missing_city_returns_400_or_422" time="0.142" /><testcase classname="backend.tests.test_shipstation_checkout.TestShippingRates" name="test_missing_postal_returns_422" time="0.178" /><testcase classname="backend.tests.test_shipstation_checkout.TestQuoteCart" name="test_quote_cart_uses_override_shipping" time="0.307" /><testcase classname="backend.tests.test_shipstation_checkout.TestQuoteCart" name="test_quote_cart_falls_back_to_legacy_800" time="0.133" /><testcase classname="backend.tests.test_shipstation_checkout.TestSquareCheckoutSchema" name="test_checkout_accepts_shipping_fields_and_rejects_bad_source" time="0.849" /><testcase classname="backend.tests.test_shipstation_checkout.TestSquareCheckoutSchema" name="test_legacy_checkout_without_shipping_cents_still_accepted" time="0.344" /></testsuite></testsuites>